<?xml version="1.0" encoding="UTF-8"?>
<testsuite xmlns:xsi="http://www.w3.org/2001/XMLSchema-instance" xsi:schemaLocation="https://maven.apache.org/surefire/maven-surefire-plugin/xsd/surefire-test-report.xsd" name="BoardTest" time="10.892" tests="24" errors="0" skipped="0" failures="0">
  <properties>
[...]
</properties>
  <testcase name="KeyRightTest" classname="BoardTest" time="0.297"/>
  <testcase name="enemyMovementWithWallBelowTest1" classname="BoardTest" time="0.375"/>
  <testcase name="enemyMovementWithWallBelowTest2" classname="BoardTest" time="0.113"/>
  <testcase name="enemyArrayTest" classname="BoardTest" time="0.087"/>
  <testcase name="enemyMovementWithWallRightTest1" classname="BoardTest" time="0.104"/>
  <testcase name="enemyMovementWithWallRightTest2" classname="BoardTest" time="0.14"/>
  <testcase name="enemyMovementWithWallLeftTest1" classname="BoardTest" time="0.14"/>
  <testcase name="enemyMovementWithWallLeftTest2" classname="BoardTest" time="0.199"/>
  <testcase name="isDeadTest" classname="BoardTest" time="0.131"/>
  <testcase name="enemyMovementTest" classname="BoardTest" time="0.149"/>
  <testcase name="endScreenTest" classname="BoardTest" time="0.155"/>
  <testcase name="punishmentTest2" classname="BoardTest" time="0.223"/>
  <testcase name="playerLocationOnBoardTest" classname="BoardTest" time="0.142"/>
  <testcase name="timerTest" classname="BoardTest" time="0.701"/>
  <testcase name="KeyUpTest" classname="BoardTest" time="0.379"/>
  <testcase name="punishmentTest" classname="BoardTest" time="0.407"/>
  <testcase name="enemyLocationOnBoardTest" classname="BoardTest" time="0.378"/>
  <testcase name="falseKeyTest" classname="BoardTest" time="0.59"/>
  <testcase name="KeyDownTest" classname="BoardTest" time="0.528"/>
  <testcase name="enemyMovementWithWallAboveTest1" classname="BoardTest" time="1.372"/>
  <testcase name="enemyMovementWithWallAboveTest2" classname="BoardTest" time="1.045"/>
  <testcase name="bonusTimerTest" classname="BoardTest" time="0.955"/>
  <testcase name="KeyLeftTest" classname="BoardTest" time="1.375"/>
  <testcase name="scoreTest" classname="BoardTest" time="0.811"/>
</testsuite>